<?xml version="1.0" encoding="UTF-8"?>
<!-- Generated by org.testng.reporters.JUnitReportReporter -->
<testsuite hostname="LAPTOP-KRIHA28G" failures="0" tests="3" name="com.testng.features.Simple_Annotations" time="0.020" errors="0" timestamp="2022-03-01T11:56:22 IST" skipped="0">
  <testcase classname="com.testng.features.Simple_Annotations" name="women" time="0.006"/>
  <system-out/>
  <testcase classname="com.testng.features.Simple_Annotations" name="men" time="0.002"/>
  <system-out/>
  <testcase classname="com.testng.features.Simple_Annotations" name="kids" time="0.012"/>
  <system-out/>
</testsuite> <!-- com.testng.features.Simple_Annotations -->
