<?xml version="1.0" encoding="UTF-8"?>
<!-- Generated by org.testng.reporters.JUnitReportReporter -->
<testsuite hostname="LAPTOP-KRIHA28G" failures="0" tests="6" name="com.testng.features.Priority_Concepts" time="0.050" errors="0" timestamp="2022-03-01T12:06:19 IST" skipped="0">
  <testcase classname="com.testng.features.Priority_Concepts" name="men" time="0.006"/>
  <system-out/>
  <testcase classname="com.testng.features.Priority_Concepts" name="men" time="0.004"/>
  <system-out/>
  <testcase classname="com.testng.features.Priority_Concepts" name="men" time="0.006"/>
  <system-out/>
  <testcase classname="com.testng.features.Priority_Concepts" name="men" time="0.028"/>
  <system-out/>
  <testcase classname="com.testng.features.Priority_Concepts" name="women" time="0.003"/>
  <system-out/>
  <testcase classname="com.testng.features.Priority_Concepts" name="kids" time="0.003"/>
  <system-out/>
</testsuite> <!-- com.testng.features.Priority_Concepts -->
